Arguments: 
  C:\Program Files\nodejs\node.exe C:\Program Files\Yarn\bin\yarn.js add react

PATH: 
  C:\Program Files\Common Files\Oracle\Java\javapath;C:\ProgramData\Oracle\Java\javapath;C:\WINDOWS\system32;C:\WINDOWS;C:\WINDOWS\System32\Wbem;C:\WINDOWS\System32\WindowsPowerShell\v1.0\;C:\WINDOWS\System32\OpenSSH\;C:\Program Files\Git\cmd;C:\xampp\php;C:\composer;C:\Program Files\Java\jdk1.8.0_73\bin;C:\Program Files\dotnet\;C:\Program Files\Microsoft SQL Server\120\Tools\Binn\;C:\Program Files\Microsoft SQL Server\Client SDK\ODBC\170\Tools\Binn\;C:\ProgramData\chocolatey\bin;C:\Program Files\Yarn\bin\;C:\Program Files\nodejs\;C:\Users\Jackeline Evellyn\AppData\Local\Programs\Python\Python37-32\Scripts\;C:\Users\Jackeline Evellyn\AppData\Local\Programs\Python\Python37-32\;C:\Users\Jackeline Evellyn\AppData\Local\Programs\Python\Python38-32\Scripts\;C:\Users\Jackeline Evellyn\AppData\Local\Programs\Python\Python38-32\;C:\Users\Jackeline Evellyn\AppData\Local\Microsoft\WindowsApps;C:\Users\Jackeline Evellyn\AppData\Local\Programs\Microsoft VS Code\bin;C:\Users\Jackeline Evellyn\AppData\Roaming\Composer\vendor\bin;C:\xampp\php\PEAR;C:\Users\Jackeline Evellyn\AppData\Local\Yarn\bin;C:\Users\Jackeline Evellyn\AppData\Roaming\npm

Yarn version: 
  1.19.2

Node version: 
  13.3.0

Platform: 
  win32 ia32

Trace: 
  Error: getaddrinfo ENOTFOUND registry.yarnpkg.com
      at GetAddrInfoReqWrap.onlookup [as oncomplete] (dns.js:64:26)

npm manifest: 
  {
    "name": "modulo1",
    "version": "1.0.0",
    "description": "",
    "main": "index.js",
    "scripts": {
      "test": "echo \"Error: no test specified\" && exit 1"
    },
    "keywords": [],
    "author": "",
    "license": "ISC"
  }

yarn manifest: 
  No manifest

Lockfile: 
  No lockfile
